Application started. Press Ctrl+C to shut down.
Hosting environment: Development
Content root path: C:\Users\mindc1july64\Desktop\comprehensive 2\Online E-Grocery\Online E-Grocery
Data is Displayed
Item get sucessfulyy
Item get sucessfulyy
Data is Displayed
Application started. Press Ctrl+C to shut down.
Hosting environment: Development
Content root path: C:\Users\mindc1july64\Desktop\comprehensive 2\Online E-Grocery\Online E-Grocery
Created Successfully
An error occurred using the connection to database 'EGroceriesDB' on server 'MC1JUNB2240'.
Created Successfully
Connection ID "17582052955454963721", Request ID "8000000a-0002-f400-b63f-84710c7967bb": An unhandled exception was thrown by the application.
System.InvalidOperationException: There is already an open DataReader associated with this Connection which must be closed first.
   at Microsoft.Data.SqlClient.SqlInternalConnectionTds.ValidateConnectionForExecute(SqlCommand command)
   at Microsoft.Data.SqlClient.SqlInternalTransaction.Rollback()
   at Microsoft.Data.SqlClient.SqlInternalTransaction.Dispose(Boolean disposing)
   at Microsoft.Data.SqlClient.SqlInternalTransaction.Dispose()
   at Microsoft.Data.SqlClient.SqlTransaction.Dispose(Boolean disposing)
   at System.Data.Common.DbTransaction.DisposeAsync()
   at Microsoft.EntityFrameworkCore.Utilities.DisposableExtensions.DisposeAsyncIfAvailable(IDisposable disposable)
   at Microsoft.EntityFrameworkCore.Storage.RelationalTransaction.DisposeAsync()
   at Microsoft.EntityFrameworkCore.Storage.RelationalConnection.DisposeAsync()
   at Microsoft.Extensions.DependencyInjection.ServiceLookup.ServiceProviderEngineScope.<>c__DisplayClass15_0.<<DisposeAsync>g__Await|0>d.MoveNext()
--- End of stack trace from previous location where exception was thrown ---
   at Microsoft.Extensions.DependencyInjection.ServiceLookup.ServiceProviderEngineScope.<>c__DisplayClass15_0.<<DisposeAsync>g__Await|0>d.MoveNext()
--- End of stack trace from previous location where exception was thrown ---
   at Microsoft.AspNetCore.Http.Features.RequestServicesFeature.<DisposeAsync>g__Awaited|9_0(RequestServicesFeature servicesFeature, ValueTask vt)
   at Microsoft.AspNetCore.Server.IIS.Core.IISHttpContext.FireOnCompleted()
Created Successfully
Connection ID "17582052955454963723", Request ID "8000000c-0002-f400-b63f-84710c7967bb": An unhandled exception was thrown by the application.
System.InvalidOperationException: There is already an open DataReader associated with this Connection which must be closed first.
   at Microsoft.Data.SqlClient.SqlInternalConnectionTds.ValidateConnectionForExecute(SqlCommand command)
   at Microsoft.Data.SqlClient.SqlInternalTransaction.Rollback()
   at Microsoft.Data.SqlClient.SqlInternalTransaction.Dispose(Boolean disposing)
   at Microsoft.Data.SqlClient.SqlInternalTransaction.Dispose()
   at Microsoft.Data.SqlClient.SqlTransaction.Dispose(Boolean disposing)
   at System.Data.Common.DbTransaction.DisposeAsync()
   at Microsoft.EntityFrameworkCore.Utilities.DisposableExtensions.DisposeAsyncIfAvailable(IDisposable disposable)
   at Microsoft.EntityFrameworkCore.Storage.RelationalTransaction.DisposeAsync()
   at Microsoft.EntityFrameworkCore.Storage.RelationalConnection.DisposeAsync()
   at Microsoft.Extensions.DependencyInjection.ServiceLookup.ServiceProviderEngineScope.<>c__DisplayClass15_0.<<DisposeAsync>g__Await|0>d.MoveNext()
--- End of stack trace from previous location where exception was thrown ---
   at Microsoft.Extensions.DependencyInjection.ServiceLookup.ServiceProviderEngineScope.<>c__DisplayClass15_0.<<DisposeAsync>g__Await|0>d.MoveNext()
--- End of stack trace from previous location where exception was thrown ---
   at Microsoft.AspNetCore.Http.Features.RequestServicesFeature.<DisposeAsync>g__Awaited|9_0(RequestServicesFeature servicesFeature, ValueTask vt)
   at Microsoft.AspNetCore.Server.IIS.Core.IISHttpContext.FireOnCompleted()
Created Successfully
Connection ID "18158513703463419948", Request ID "8000002d-0001-fc00-b63f-84710c7967bb": An unhandled exception was thrown by the application.
System.InvalidOperationException: The connection does not support MultipleActiveResultSets.
   at Microsoft.Data.SqlClient.SqlInternalConnectionTds.ValidateConnectionForExecute(SqlCommand command)
   at Microsoft.Data.SqlClient.SqlInternalTransaction.Rollback()
   at Microsoft.Data.SqlClient.SqlInternalTransaction.Dispose(Boolean disposing)
   at Microsoft.Data.SqlClient.SqlInternalTransaction.Dispose()
   at Microsoft.Data.SqlClient.SqlTransaction.Dispose(Boolean disposing)
   at System.Data.Common.DbTransaction.DisposeAsync()
   at Microsoft.EntityFrameworkCore.Utilities.DisposableExtensions.DisposeAsyncIfAvailable(IDisposable disposable)
   at Microsoft.EntityFrameworkCore.Storage.RelationalTransaction.DisposeAsync()
   at Microsoft.EntityFrameworkCore.Storage.RelationalConnection.DisposeAsync()
   at Microsoft.Extensions.DependencyInjection.ServiceLookup.ServiceProviderEngineScope.<>c__DisplayClass15_0.<<DisposeAsync>g__Await|0>d.MoveNext()
--- End of stack trace from previous location where exception was thrown ---
   at Microsoft.Extensions.DependencyInjection.ServiceLookup.ServiceProviderEngineScope.<>c__DisplayClass15_0.<<DisposeAsync>g__Await|0>d.MoveNext()
--- End of stack trace from previous location where exception was thrown ---
   at Microsoft.AspNetCore.Http.Features.RequestServicesFeature.<DisposeAsync>g__Awaited|9_0(RequestServicesFeature servicesFeature, ValueTask vt)
   at Microsoft.AspNetCore.Server.IIS.Core.IISHttpContext.FireOnCompleted()
Created Successfully
Connection ID "18158513699168452662", Request ID "80000037-0000-fc00-b63f-84710c7967bb": An unhandled exception was thrown by the application.
System.InvalidOperationException: The connection does not support MultipleActiveResultSets.
   at Microsoft.Data.SqlClient.SqlInternalConnectionTds.ValidateConnectionForExecute(SqlCommand command)
   at Microsoft.Data.SqlClient.SqlInternalTransaction.Rollback()
   at Microsoft.Data.SqlClient.SqlInternalTransaction.Dispose(Boolean disposing)
   at Microsoft.Data.SqlClient.SqlInternalTransaction.Dispose()
   at Microsoft.Data.SqlClient.SqlTransaction.Dispose(Boolean disposing)
   at System.Data.Common.DbTransaction.DisposeAsync()
   at Microsoft.EntityFrameworkCore.Utilities.DisposableExtensions.DisposeAsyncIfAvailable(IDisposable disposable)
   at Microsoft.EntityFrameworkCore.Storage.RelationalTransaction.DisposeAsync()
   at Microsoft.EntityFrameworkCore.Storage.RelationalConnection.DisposeAsync()
   at Microsoft.Extensions.DependencyInjection.ServiceLookup.ServiceProviderEngineScope.<>c__DisplayClass15_0.<<DisposeAsync>g__Await|0>d.MoveNext()
--- End of stack trace from previous location where exception was thrown ---
   at Microsoft.Extensions.DependencyInjection.ServiceLookup.ServiceProviderEngineScope.<>c__DisplayClass15_0.<<DisposeAsync>g__Await|0>d.MoveNext()
--- End of stack trace from previous location where exception was thrown ---
   at Microsoft.AspNetCore.Http.Features.RequestServicesFeature.<DisposeAsync>g__Awaited|9_0(RequestServicesFeature servicesFeature, ValueTask vt)
   at Microsoft.AspNetCore.Server.IIS.Core.IISHttpContext.FireOnCompleted()
Created Successfully
Connection ID "17509995361417035779", Request ID "80000004-0002-f300-b63f-84710c7967bb": An unhandled exception was thrown by the application.
System.InvalidOperationException: The connection does not support MultipleActiveResultSets.
   at Microsoft.Data.SqlClient.SqlInternalConnectionTds.ValidateConnectionForExecute(SqlCommand command)
   at Microsoft.Data.SqlClient.SqlInternalTransaction.Rollback()
   at Microsoft.Data.SqlClient.SqlInternalTransaction.Dispose(Boolean disposing)
   at Microsoft.Data.SqlClient.SqlInternalTransaction.Dispose()
   at Microsoft.Data.SqlClient.SqlTransaction.Dispose(Boolean disposing)
   at System.Data.Common.DbTransaction.DisposeAsync()
   at Microsoft.EntityFrameworkCore.Utilities.DisposableExtensions.DisposeAsyncIfAvailable(IDisposable disposable)
   at Microsoft.EntityFrameworkCore.Storage.RelationalTransaction.DisposeAsync()
   at Microsoft.EntityFrameworkCore.Storage.RelationalConnection.DisposeAsync()
   at Microsoft.Extensions.DependencyInjection.ServiceLookup.ServiceProviderEngineScope.<>c__DisplayClass15_0.<<DisposeAsync>g__Await|0>d.MoveNext()
--- End of stack trace from previous location where exception was thrown ---
   at Microsoft.Extensions.DependencyInjection.ServiceLookup.ServiceProviderEngineScope.<>c__DisplayClass15_0.<<DisposeAsync>g__Await|0>d.MoveNext()
--- End of stack trace from previous location where exception was thrown ---
   at Microsoft.AspNetCore.Http.Features.RequestServicesFeature.<DisposeAsync>g__Awaited|9_0(RequestServicesFeature servicesFeature, ValueTask vt)
   at Microsoft.AspNetCore.Server.IIS.Core.IISHttpContext.FireOnCompleted()
Created Successfully
Connection ID "17582052955454963726", Request ID "8000000f-0002-f400-b63f-84710c7967bb": An unhandled exception was thrown by the application.
Microsoft.Data.SqlClient.SqlException (0x80131904): Execution Timeout Expired.  The timeout period elapsed prior to completion of the operation or the server is not responding.
 ---> System.ComponentModel.Win32Exception (258): The wait operation timed out.
   at Microsoft.Data.SqlClient.SqlInternalConnection.OnError(SqlException exception, Boolean breakConnection, Action`1 wrapCloseInAction)
   at Microsoft.Data.SqlClient.TdsParser.ThrowExceptionAndWarning(TdsParserStateObject stateObj, Boolean callerHasConnectionLock, Boolean asyncClose)
   at Microsoft.Data.SqlClient.TdsParser.TryRun(RunBehavior runBehavior, SqlCommand cmdHandler, SqlDataReader dataStream, BulkCopySimpleResultSet bulkCopyHandler, TdsParserStateObject stateObj, Boolean& dataReady)
   at Microsoft.Data.SqlClient.TdsParser.Run(RunBehavior runBehavior, SqlCommand cmdHandler, SqlDataReader dataStream, BulkCopySimpleResultSet bulkCopyHandler, TdsParserStateObject stateObj)
   at Microsoft.Data.SqlClient.TdsParser.DrainData(TdsParserStateObject stateObj)
   at Microsoft.Data.SqlClient.SqlInternalConnectionTds.ValidateConnectionForExecute(SqlCommand command)
   at Microsoft.Data.SqlClient.SqlInternalTransaction.Rollback()
   at Microsoft.Data.SqlClient.SqlInternalTransaction.Dispose(Boolean disposing)
   at Microsoft.Data.SqlClient.SqlInternalTransaction.Dispose()
   at Microsoft.Data.SqlClient.SqlTransaction.Dispose(Boolean disposing)
   at System.Data.Common.DbTransaction.DisposeAsync()
   at Microsoft.EntityFrameworkCore.Utilities.DisposableExtensions.DisposeAsyncIfAvailable(IDisposable disposable)
   at Microsoft.EntityFrameworkCore.Storage.RelationalTransaction.DisposeAsync()
   at Microsoft.EntityFrameworkCore.Storage.RelationalConnection.DisposeAsync()
   at Microsoft.Extensions.DependencyInjection.ServiceLookup.ServiceProviderEngineScope.<>c__DisplayClass15_0.<<DisposeAsync>g__Await|0>d.MoveNext()
--- End of stack trace from previous location where exception was thrown ---
   at Microsoft.Extensions.DependencyInjection.ServiceLookup.ServiceProviderEngineScope.<>c__DisplayClass15_0.<<DisposeAsync>g__Await|0>d.MoveNext()
--- End of stack trace from previous location where exception was thrown ---
   at Microsoft.AspNetCore.Http.Features.RequestServicesFeature.<DisposeAsync>g__Awaited|9_0(RequestServicesFeature servicesFeature, ValueTask vt)
   at Microsoft.AspNetCore.Server.IIS.Core.IISHttpContext.FireOnCompleted()
ClientConnectionId:49d63d89-04d6-4da2-a73a-9d6d7bb679ed
Error Number:-2,State:0,Class:11
Data is Displayed
Data is Displayed
Created Successfully
Connection ID "17509995361417035785", Request ID "8000000a-0002-f300-b63f-84710c7967bb": An unhandled exception was thrown by the application.
System.InvalidOperationException: The connection does not support MultipleActiveResultSets.
   at Microsoft.Data.SqlClient.SqlInternalConnectionTds.ValidateConnectionForExecute(SqlCommand command)
   at Microsoft.Data.SqlClient.SqlInternalTransaction.Rollback()
   at Microsoft.Data.SqlClient.SqlInternalTransaction.Dispose(Boolean disposing)
   at Microsoft.Data.SqlClient.SqlInternalTransaction.Dispose()
   at Microsoft.Data.SqlClient.SqlTransaction.Dispose(Boolean disposing)
   at System.Data.Common.DbTransaction.DisposeAsync()
   at Microsoft.EntityFrameworkCore.Utilities.DisposableExtensions.DisposeAsyncIfAvailable(IDisposable disposable)
   at Microsoft.EntityFrameworkCore.Storage.RelationalTransaction.DisposeAsync()
   at Microsoft.EntityFrameworkCore.Storage.RelationalConnection.DisposeAsync()
   at Microsoft.Extensions.DependencyInjection.ServiceLookup.ServiceProviderEngineScope.<>c__DisplayClass15_0.<<DisposeAsync>g__Await|0>d.MoveNext()
--- End of stack trace from previous location where exception was thrown ---
   at Microsoft.Extensions.DependencyInjection.ServiceLookup.ServiceProviderEngineScope.<>c__DisplayClass15_0.<<DisposeAsync>g__Await|0>d.MoveNext()
--- End of stack trace from previous location where exception was thrown ---
   at Microsoft.AspNetCore.Http.Features.RequestServicesFeature.<DisposeAsync>g__Awaited|9_0(RequestServicesFeature servicesFeature, ValueTask vt)
   at Microsoft.AspNetCore.Server.IIS.Core.IISHttpContext.FireOnCompleted()
Data is Displayed
Data is Displayed
Created Successfully
Connection ID "18086456118015426580", Request ID "80000015-0003-fb00-b63f-84710c7967bb": An unhandled exception was thrown by the application.
System.InvalidOperationException: The connection does not support MultipleActiveResultSets.
   at Microsoft.Data.SqlClient.SqlInternalConnectionTds.ValidateConnectionForExecute(SqlCommand command)
   at Microsoft.Data.SqlClient.SqlInternalTransaction.Rollback()
   at Microsoft.Data.SqlClient.SqlInternalTransaction.Dispose(Boolean disposing)
   at Microsoft.Data.SqlClient.SqlInternalTransaction.Dispose()
   at Microsoft.Data.SqlClient.SqlTransaction.Dispose(Boolean disposing)
   at System.Data.Common.DbTransaction.DisposeAsync()
   at Microsoft.EntityFrameworkCore.Utilities.DisposableExtensions.DisposeAsyncIfAvailable(IDisposable disposable)
   at Microsoft.EntityFrameworkCore.Storage.RelationalTransaction.DisposeAsync()
   at Microsoft.EntityFrameworkCore.Storage.RelationalConnection.DisposeAsync()
   at Microsoft.Extensions.DependencyInjection.ServiceLookup.ServiceProviderEngineScope.<>c__DisplayClass15_0.<<DisposeAsync>g__Await|0>d.MoveNext()
--- End of stack trace from previous location where exception was thrown ---
   at Microsoft.Extensions.DependencyInjection.ServiceLookup.ServiceProviderEngineScope.<>c__DisplayClass15_0.<<DisposeAsync>g__Await|0>d.MoveNext()
--- End of stack trace from previous location where exception was thrown ---
   at Microsoft.AspNetCore.Http.Features.RequestServicesFeature.<DisposeAsync>g__Awaited|9_0(RequestServicesFeature servicesFeature, ValueTask vt)
   at Microsoft.AspNetCore.Server.IIS.Core.IISHttpContext.FireOnCompleted()
Data is Displayed
Created Successfully
Connection ID "18158513699168452666", Request ID "8000003b-0000-fc00-b63f-84710c7967bb": An unhandled exception was thrown by the application.
System.InvalidOperationException: The connection does not support MultipleActiveResultSets.
   at Microsoft.Data.SqlClient.SqlInternalConnectionTds.ValidateConnectionForExecute(SqlCommand command)
   at Microsoft.Data.SqlClient.SqlInternalTransaction.Rollback()
   at Microsoft.Data.SqlClient.SqlInternalTransaction.Dispose(Boolean disposing)
   at Microsoft.Data.SqlClient.SqlInternalTransaction.Dispose()
   at Microsoft.Data.SqlClient.SqlTransaction.Dispose(Boolean disposing)
   at System.Data.Common.DbTransaction.DisposeAsync()
   at Microsoft.EntityFrameworkCore.Utilities.DisposableExtensions.DisposeAsyncIfAvailable(IDisposable disposable)
   at Microsoft.EntityFrameworkCore.Storage.RelationalTransaction.DisposeAsync()
   at Microsoft.EntityFrameworkCore.Storage.RelationalConnection.DisposeAsync()
   at Microsoft.Extensions.DependencyInjection.ServiceLookup.ServiceProviderEngineScope.<>c__DisplayClass15_0.<<DisposeAsync>g__Await|0>d.MoveNext()
--- End of stack trace from previous location where exception was thrown ---
   at Microsoft.Extensions.DependencyInjection.ServiceLookup.ServiceProviderEngineScope.<>c__DisplayClass15_0.<<DisposeAsync>g__Await|0>d.MoveNext()
--- End of stack trace from previous location where exception was thrown ---
   at Microsoft.AspNetCore.Http.Features.RequestServicesFeature.<DisposeAsync>g__Awaited|9_0(RequestServicesFeature servicesFeature, ValueTask vt)
   at Microsoft.AspNetCore.Server.IIS.Core.IISHttpContext.FireOnCompleted()
Created Successfully
Data is Displayed
Data is Displayed
Created Successfully
Connection ID "18158513699168452680", Request ID "80000049-0000-fc00-b63f-84710c7967bb": An unhandled exception was thrown by the application.
System.InvalidOperationException: The connection does not support MultipleActiveResultSets.
   at Microsoft.Data.SqlClient.SqlInternalConnectionTds.ValidateConnectionForExecute(SqlCommand command)
   at Microsoft.Data.SqlClient.SqlInternalTransaction.Rollback()
   at Microsoft.Data.SqlClient.SqlInternalTransaction.Dispose(Boolean disposing)
   at Microsoft.Data.SqlClient.SqlInternalTransaction.Dispose()
   at Microsoft.Data.SqlClient.SqlTransaction.Dispose(Boolean disposing)
   at System.Data.Common.DbTransaction.DisposeAsync()
   at Microsoft.EntityFrameworkCore.Utilities.DisposableExtensions.DisposeAsyncIfAvailable(IDisposable disposable)
   at Microsoft.EntityFrameworkCore.Storage.RelationalTransaction.DisposeAsync()
   at Microsoft.EntityFrameworkCore.Storage.RelationalConnection.DisposeAsync()
   at Microsoft.Extensions.DependencyInjection.ServiceLookup.ServiceProviderEngineScope.<>c__DisplayClass15_0.<<DisposeAsync>g__Await|0>d.MoveNext()
--- End of stack trace from previous location where exception was thrown ---
   at Microsoft.Extensions.DependencyInjection.ServiceLookup.ServiceProviderEngineScope.<>c__DisplayClass15_0.<<DisposeAsync>g__Await|0>d.MoveNext()
--- End of stack trace from previous location where exception was thrown ---
   at Microsoft.AspNetCore.Http.Features.RequestServicesFeature.<DisposeAsync>g__Awaited|9_0(RequestServicesFeature servicesFeature, ValueTask vt)
   at Microsoft.AspNetCore.Server.IIS.Core.IISHttpContext.FireOnCompleted()
Failed executing DbCommand (17ms) [Parameters=[@p0='?' (DbType = Int32), @p1='?' (DbType = Int32), @p2='?' (DbType = Int32)], CommandType='Text', CommandTimeout='30']
SET NOCOUNT ON;
INSERT INTO [rating] ([ratingId], [ItemId], [RatingItem])
VALUES (@p0, @p1, @p2);
Created Successfully
An error occurred using the connection to database 'EGroceriesDB' on server 'MC1JUNB2240'.
Data is Displayed
Data is Displayed
Created Successfully
Connection ID "18158513703463419958", Request ID "80000037-0001-fc00-b63f-84710c7967bb": An unhandled exception was thrown by the application.
System.InvalidOperationException: The connection does not support MultipleActiveResultSets.
   at Microsoft.Data.SqlClient.SqlInternalConnectionTds.ValidateConnectionForExecute(SqlCommand command)
   at Microsoft.Data.SqlClient.SqlInternalTransaction.Rollback()
   at Microsoft.Data.SqlClient.SqlInternalTransaction.Dispose(Boolean disposing)
   at Microsoft.Data.SqlClient.SqlInternalTransaction.Dispose()
   at Microsoft.Data.SqlClient.SqlTransaction.Dispose(Boolean disposing)
   at System.Data.Common.DbTransaction.DisposeAsync()
   at Microsoft.EntityFrameworkCore.Utilities.DisposableExtensions.DisposeAsyncIfAvailable(IDisposable disposable)
   at Microsoft.EntityFrameworkCore.Storage.RelationalTransaction.DisposeAsync()
   at Microsoft.EntityFrameworkCore.Storage.RelationalConnection.DisposeAsync()
   at Microsoft.Extensions.DependencyInjection.ServiceLookup.ServiceProviderEngineScope.<>c__DisplayClass15_0.<<DisposeAsync>g__Await|0>d.MoveNext()
--- End of stack trace from previous location where exception was thrown ---
   at Microsoft.Extensions.DependencyInjection.ServiceLookup.ServiceProviderEngineScope.<>c__DisplayClass15_0.<<DisposeAsync>g__Await|0>d.MoveNext()
--- End of stack trace from previous location where exception was thrown ---
   at Microsoft.AspNetCore.Http.Features.RequestServicesFeature.<DisposeAsync>g__Awaited|9_0(RequestServicesFeature servicesFeature, ValueTask vt)
   at Microsoft.AspNetCore.Server.IIS.Core.IISHttpContext.FireOnCompleted()
Data is Displayed
Data is Displayed
Data is Displayed
Data is Displayed
Data is Displayed
Data is Displayed
Data is Displayed
Data is Displayed
Data is Displayed
